{"C:\\ajs-4.2\\src\\js\\app.js": {"path":"C:\\ajs-4.2\\src\\js\\app.js","statementMap":{"0":{"start":{"line":2,"column":4},"end":{"line":4,"column":5}},"1":{"start":{"line":3,"column":6},"end":{"line":3,"column":34}},"2":{"start":{"line":5,"column":4},"end":{"line":5,"column":57}},"3":{"start":{"line":5,"column":26},"end":{"line":5,"column":54}},"4":{"start":{"line":6,"column":4},"end":{"line":6,"column":17}}},"fnMap":{"0":{"name":"sortUnitsByHealth","decl":{"start":{"line":1,"column":24},"end":{"line":1,"column":41}},"loc":{"start":{"line":1,"column":49},"end":{"line":7,"column":3}},"line":1},"1":{"name":"(anonymous_1)","decl":{"start":{"line":5,"column":15},"end":{"line":5,"column":16}},"loc":{"start":{"line":5,"column":26},"end":{"line":5,"column":54}},"line":5}},"branchMap":{"0":{"loc":{"start":{"line":2,"column":4},"end":{"line":4,"column":5}},"type":"if","locations":[{"start":{"line":2,"column":4},"end":{"line":4,"column":5}},{"start":{"line":2,"column":4},"end":{"line":4,"column":5}}],"line":2},"1":{"loc":{"start":{"line":5,"column":26},"end":{"line":5,"column":54}},"type":"cond-expr","locations":[{"start":{"line":5,"column":48},"end":{"line":5,"column":49}},{"start":{"line":5,"column":52},"end":{"line":5,"column":54}}],"line":5}},"s":{"0":3,"1":1,"2":2,"3":9,"4":2},"f":{"0":3,"1":9},"b":{"0":[1,2],"1":[4,5]},"_coverageSchema":"1a1c01bbd47fc00a2c39e90264f33305004495a9","hash":"9b00c4175298f69121c9ecca39d9d1947b14a3f4"}
}
